#
# There is insufficient memory for the Java Runtime Environment to continue.
# Native memory allocation (malloc) failed to allocate 937936 bytes for Chunk::new
# Possible reasons:
#   The system is out of physical RAM or swap space
#   The process is running with CompressedOops enabled, and the Java Heap may be blocking the growth of the native heap
# Possible solutions:
#   Reduce memory load on the system
#   Increase physical memory or swap space
#   Check if swap backing store is full
#   Decrease Java heap size (-Xmx/-Xms)
#   Decrease number of Java threads
#   Decrease Java thread stack sizes (-Xss)
#   Set larger code cache with -XX:ReservedCodeCacheSize=
#   JVM is running with Unscaled Compressed Oops mode in which the Java heap is
#     placed in the first 4GB address space. The Java Heap base address is the
#     maximum limit for the native heap growth. Please use -XX:HeapBaseMinAddress
#     to set the Java Heap base and to place the Java Heap above 4GB virtual address.
# This output file may be truncated or incomplete.
#
#  Out of Memory Error (allocation.cpp:389), pid=7520, tid=0x0000000000000b40
#
# JRE version: OpenJDK Runtime Environment (8.0_242-b01) (build 1.8.0_242-release-1644-b01)
# Java VM: OpenJDK 64-Bit Server VM (25.242-b01 mixed mode windows-amd64 compressed oops)
# Failed to write core dump. Minidumps are not enabled by default on client versions of Windows
#

---------------  T H R E A D  ---------------

Current thread (0x0000000016635000):  JavaThread "C2 CompilerThread2" daemon [_thread_in_native, id=2880, stack(0x0000000017050000,0x0000000017150000)]

Stack: [0x0000000017050000,0x0000000017150000]
[error occurred during error reporting (printing stack bounds), id 0xc0000005]

Native frames: (J=compiled Java code, j=interpreted, Vv=VM code, C=native code)


Current CompileTask:
C2:   1794 1498   !   4       java.net.URLClassLoader$1::run (63 bytes)


---------------  P R O C E S S  ---------------

Java Threads: ( => current thread )
  0x00000000191bd800 JavaThread "Cache worker for file hash cache (C:\Users\takah\.gradle\caches\6.1.1\fileHashes)" [_thread_blocked, id=7064, stack(0x000000001aed0000,0x000000001afd0000)]
  0x00000000191be800 JavaThread "File lock request listener" [_thread_in_native, id=10112, stack(0x000000001add0000,0x000000001aed0000)]
  0x0000000019248800 JavaThread "Cache worker for journal cache (C:\Users\takah\.gradle\caches\journal-1)" [_thread_blocked, id=2816, stack(0x000000001acd0000,0x000000001add0000)]
  0x0000000019147000 JavaThread "Thread-9" [_thread_blocked, id=3620, stack(0x000000001a9d0000,0x000000001aad0000)]
  0x0000000019144000 JavaThread "Stdin handler" [_thread_blocked, id=9872, stack(0x000000001a8d0000,0x000000001a9d0000)]
  0x0000000019143000 JavaThread "Asynchronous log dispatcher for DefaultDaemonConnection: socket connection from /127.0.0.1:63001 to /127.0.0.1:63002" [_thread_blocked, id=1212, stack(0x000000001a7d0000,0x000000001a8d0000)]
  0x0000000019183800 JavaThread "Daemon worker" [_thread_in_vm, id=10736, stack(0x000000001a6d0000,0x000000001a7d0000)]
  0x0000000019183000 JavaThread "Cancel handler" [_thread_blocked, id=7360, stack(0x000000001a5d0000,0x000000001a6d0000)]
  0x0000000017c4c000 JavaThread "Handler for socket connection from /127.0.0.1:63001 to /127.0.0.1:63002" [_thread_in_native, id=4268, stack(0x000000001a2d0000,0x000000001a3d0000)]
  0x00000000190c4000 JavaThread "Daemon" [_thread_blocked, id=5720, stack(0x000000001a1d0000,0x000000001a2d0000)]
  0x00000000190af800 JavaThread "Daemon periodic checks" [_thread_blocked, id=1184, stack(0x000000001a0d0000,0x000000001a1d0000)]
  0x00000000190b7000 JavaThread "Incoming local TCP Connector on port 63001" [_thread_in_native, id=7056, stack(0x0000000019ef0000,0x0000000019ff0000)]
  0x0000000019086800 JavaThread "Daemon health stats" [_thread_blocked, id=8584, stack(0x0000000019df0000,0x0000000019ef0000)]
  0x00000000166d3800 JavaThread "Service Thread" daemon [_thread_blocked, id=10064, stack(0x0000000017250000,0x0000000017350000)]
  0x0000000016645000 JavaThread "C1 CompilerThread3" daemon [_thread_blocked, id=5620, stack(0x0000000017150000,0x0000000017250000)]
=>0x0000000016635000 JavaThread "C2 CompilerThread2" daemon [_thread_in_native, id=2880, stack(0x0000000017050000,0x0000000017150000)]
  0x00000000147cd000 JavaThread "C2 CompilerThread1" daemon [_thread_in_native, id=10120, stack(0x0000000016f50000,0x0000000017050000)]
  0x00000000147ca000 JavaThread "C2 CompilerThread0" daemon [_thread_blocked, id=9980, stack(0x0000000016e50000,0x0000000016f50000)]
  0x000000001662f000 JavaThread "Attach Listener" daemon [_thread_blocked, id=1444, stack(0x0000000016d50000,0x0000000016e50000)]
  0x000000001662e800 JavaThread "Signal Dispatcher" daemon [_thread_blocked, id=7280, stack(0x0000000016c50000,0x0000000016d50000)]
  0x00000000165d0800 JavaThread "Finalizer" daemon [_thread_blocked, id=4456, stack(0x0000000016ab0000,0x0000000016bb0000)]
  0x0000000002f48000 JavaThread "Reference Handler" daemon [_thread_blocked, id=5008, stack(0x00000000169b0000,0x0000000016ab0000)]
  0x0000000002e4d800 JavaThread "main" [_thread_blocked, id=10008, stack(0x0000000002ca0000,0x0000000002da0000)]

Other Threads:
  0x00000000147b6000 VMThread [stack: 0x00000000164b0000,0x00000000165b0000] [id=7924]
  0x00000000166d4800 WatcherThread [stack: 0x0000000017350000,0x0000000017450000] [id=2380]

VM state:not at safepoint (normal execution)

VM Mutex/Monitor currently owned by a thread: None

heap address: 0x00000000e0000000, size: 512 MB, Compressed Oops mode: 32-bit
Narrow klass base: 0x0000000000000000, Narrow klass shift: 3
Compressed class space size: 1073741824 Address: 0x0000000100000000

Heap:
 PSYoungGen      total 76288K, used 32087K [0x00000000f5580000, 0x00000000faa80000, 0x0000000100000000)
  eden space 65536K, 34% used [0x00000000f5580000,0x00000000f6baf168,0x00000000f9580000)
  from space 10752K, 87% used [0x00000000fa000000,0x00000000fa926cb8,0x00000000faa80000)
  to   space 10752K, 0% used [0x00000000f9580000,0x00000000f9580000,0x00000000fa000000)
 ParOldGen       total 175104K, used 24K [0x00000000e0000000, 0x00000000eab00000, 0x00000000f5580000)
  object space 175104K, 0% used [0x00000000e0000000,0x00000000e0006018,0x00000000eab00000)
 Metaspace       used 16505K, capacity 17050K, committed 17280K, reserved 1064960K
  class space    used 2228K, capacity 2399K, committed 2432K, reserved 1048576K

Card table byte_map: [0x0000000012310000,0x0000000012420000] byte_map_base: 0x0000000011c10000

Marking Bits: (ParMarkBitMap*) 0x00000000705ef030
 Begin Bits: [0x0000000012cd0000, 0x00000000134d0000)
 End Bits:   [0x00000000134d0000, 0x0000000013cd0000)

Polling page: 0x0000000002da0000

CodeCache: size=245760Kb used=5399Kb max_used=5402Kb free=240360Kb
 bounds [0x0000000002f50000, 0x00000000034a0000, 0x0000000011f50000]
 total_blobs=1918 nmethods=1516 adapters=315
 compilation: enabled

Compilation events (10 events):
Event: 1.756 Thread 0x0000000016645000 1513   !   3       java.lang.StringCoding::decode (120 bytes)
Event: 1.756 Thread 0x00000000147ca000 1514       4       java.util.jar.Attributes$Name::isValid (45 bytes)
Event: 1.757 Thread 0x0000000016645000 nmethod 1513 0x0000000003492dd0 code [0x0000000003493100, 0x0000000003494b18]
Event: 1.760 Thread 0x00000000147ca000 nmethod 1514 0x0000000003498910 code [0x0000000003498a60, 0x0000000003498d98]
Event: 1.787 Thread 0x0000000016645000 1515       3       jdk.internal.org.objectweb.asm.MethodVisitor::<init> (35 bytes)
Event: 1.787 Thread 0x0000000016645000 nmethod 1515 0x0000000003497610 code [0x0000000003497780, 0x0000000003497a88]
Event: 1.788 Thread 0x0000000016645000 1516       3       com.google.common.collect.Hashing::smear (19 bytes)
Event: 1.788 Thread 0x0000000016645000 nmethod 1516 0x0000000003497250 code [0x00000000034973a0, 0x0000000003497570]
Event: 1.788 Thread 0x0000000016645000 1517       3       java.lang.Integer::rotateLeft (9 bytes)
Event: 1.788 Thread 0x0000000016645000 nmethod 1517 0x0000000003496f50 code [0x00000000034970a0, 0x00000000034971f0]

GC Heap History (4 events):
Event: 0.860 GC heap before
{Heap before GC invocations=1 (full 0):
 PSYoungGen      total 76288K, used 65536K [0x00000000f5580000, 0x00000000faa80000, 0x0000000100000000)
  eden space 65536K, 100% used [0x00000000f5580000,0x00000000f9580000,0x00000000f9580000)
  from space 10752K, 0% used [0x00000000fa000000,0x00000000fa000000,0x00000000faa80000)
  to   space 10752K, 0% used [0x00000000f9580000,0x00000000f9580000,0x00000000fa000000)
 ParOldGen       total 175104K, used 0K [0x00000000e0000000, 0x00000000eab00000, 0x00000000f5580000)
  object space 175104K, 0% used [0x00000000e0000000,0x00000000e0000000,0x00000000eab00000)
 Metaspace       used 7789K, capacity 8040K, committed 8320K, reserved 1056768K
  class space    used 947K, capacity 1040K, committed 1152K, reserved 1048576K
Event: 0.867 GC heap after
Heap after GC invocations=1 (full 0):
 PSYoungGen      total 76288K, used 5969K [0x00000000f5580000, 0x00000000faa80000, 0x0000000100000000)
  eden space 65536K, 0% used [0x00000000f5580000,0x00000000f5580000,0x00000000f9580000)
  from space 10752K, 55% used [0x00000000f9580000,0x00000000f9b545a0,0x00000000fa000000)
  to   space 10752K, 0% used [0x00000000fa000000,0x00000000fa000000,0x00000000faa80000)
 ParOldGen       total 175104K, used 16K [0x00000000e0000000, 0x00000000eab00000, 0x00000000f5580000)
  object space 175104K, 0% used [0x00000000e0000000,0x00000000e0004000,0x00000000eab00000)
 Metaspace       used 7789K, capacity 8040K, committed 8320K, reserved 1056768K
  class space    used 947K, capacity 1040K, committed 1152K, reserved 1048576K
}
Event: 1.590 GC heap before
{Heap before GC invocations=2 (full 0):
 PSYoungGen      total 76288K, used 71505K [0x00000000f5580000, 0x00000000faa80000, 0x0000000100000000)
  eden space 65536K, 100% used [0x00000000f5580000,0x00000000f9580000,0x00000000f9580000)
  from space 10752K, 55% used [0x00000000f9580000,0x00000000f9b545a0,0x00000000fa000000)
  to   space 10752K, 0% used [0x00000000fa000000,0x00000000fa000000,0x00000000faa80000)
 ParOldGen       total 175104K, used 16K [0x00000000e0000000, 0x00000000eab00000, 0x00000000f5580000)
  object space 175104K, 0% used [0x00000000e0000000,0x00000000e0004018,0x00000000eab00000)
 Metaspace       used 14867K, capacity 15320K, committed 15488K, reserved 1062912K
  class space    used 1963K, capacity 2094K, committed 2176K, reserved 1048576K
Event: 1.600 GC heap after
Heap after GC invocations=2 (full 0):
 PSYoungGen      total 76288K, used 9371K [0x00000000f5580000, 0x00000000faa80000, 0x0000000100000000)
  eden space 65536K, 0% used [0x00000000f5580000,0x00000000f5580000,0x00000000f9580000)
  from space 10752K, 87% used [0x00000000fa000000,0x00000000fa926cb8,0x00000000faa80000)
  to   space 10752K, 0% used [0x00000000f9580000,0x00000000f9580000,0x00000000fa000000)
 ParOldGen       total 175104K, used 24K [0x00000000e0000000, 0x00000000eab00000, 0x00000000f5580000)
  object space 175104K, 0% used [0x00000000e0000000,0x00000000e0006018,0x00000000eab00000)
 Metaspace       used 14867K, capacity 15320K, committed 15488K, reserved 1062912K
  class space    used 1963K, capacity 2094K, committed 2176K, reserved 1048576K
}

Deoptimization events (10 events):
Event: 1.304 Thread 0x0000000017c4c000 Uncommon trap: reason=unstable_if action=reinterpret pc=0x000000000334eaa8 method=java.util.concurrent.ConcurrentHashMap.putVal(Ljava/lang/Object;Ljava/lang/Object;Z)Ljava/lang/Object; @ 206
Event: 1.320 Thread 0x0000000017c4c000 Uncommon trap: reason=unstable_if action=reinterpret pc=0x0000000003274914 method=java.lang.String.substring(I)Ljava/lang/String; @ 35
Event: 1.349 Thread 0x0000000019183800 Uncommon trap: reason=bimorphic action=maybe_recompile pc=0x000000000320e3d0 method=java.util.HashMap.putVal(ILjava/lang/Object;Ljava/lang/Object;ZZ)Ljava/lang/Object; @ 253
Event: 1.349 Thread 0x0000000019183800 Uncommon trap: reason=bimorphic action=maybe_recompile pc=0x000000000320e3d0 method=java.util.HashMap.putVal(ILjava/lang/Object;Ljava/lang/Object;ZZ)Ljava/lang/Object; @ 253
Event: 1.349 Thread 0x0000000019183800 Uncommon trap: reason=bimorphic action=maybe_recompile pc=0x000000000320e3d0 method=java.util.HashMap.putVal(ILjava/lang/Object;Ljava/lang/Object;ZZ)Ljava/lang/Object; @ 253
Event: 1.528 Thread 0x0000000019183800 Uncommon trap: reason=class_check action=maybe_recompile pc=0x0000000003276ed8 method=java.util.regex.Matcher.match(II)Z @ 86
Event: 1.529 Thread 0x0000000019183800 Uncommon trap: reason=class_check action=maybe_recompile pc=0x0000000003276ed8 method=java.util.regex.Matcher.match(II)Z @ 86
Event: 1.529 Thread 0x0000000019183800 Uncommon trap: reason=class_check action=maybe_recompile pc=0x0000000003276ed8 method=java.util.regex.Matcher.match(II)Z @ 86
Event: 1.529 Thread 0x0000000019183800 Uncommon trap: reason=class_check action=maybe_recompile pc=0x000000000310949c method=java.util.regex.Matcher.match(II)Z @ 86
Event: 1.748 Thread 0x0000000019183800 Uncommon trap: reason=unstable_if action=reinterpret pc=0x000000000327dc5c method=java.io.File.getName()Ljava/lang/String; @ 16

Classes redefined (0 events):
No events

Internal exceptions (10 events):
Event: 1.310 Thread 0x0000000017c4c000 Exception <a 'java/lang/NoSuchMethodError': <clinit>> (0x00000000f75e2c70) thrown at [C:\src\AOSP-openjdk-git\hotspot\src\share\vm\prims\jni.cpp, line 1615]
Event: 1.313 Thread 0x0000000017c4c000 Exception <a 'java/lang/NoSuchMethodError': <clinit>> (0x00000000f76099b0) thrown at [C:\src\AOSP-openjdk-git\hotspot\src\share\vm\prims\jni.cpp, line 1615]
Event: 1.315 Thread 0x0000000017c4c000 Exception <a 'java/lang/NoSuchMethodError': <clinit>> (0x00000000f76215c8) thrown at [C:\src\AOSP-openjdk-git\hotspot\src\share\vm\prims\jni.cpp, line 1615]
Event: 1.316 Thread 0x0000000017c4c000 Exception <a 'java/lang/NoSuchMethodError': <clinit>> (0x00000000f762a168) thrown at [C:\src\AOSP-openjdk-git\hotspot\src\share\vm\prims\jni.cpp, line 1615]
Event: 1.317 Thread 0x0000000017c4c000 Exception <a 'java/lang/NoSuchMethodError': <clinit>> (0x00000000f7640508) thrown at [C:\src\AOSP-openjdk-git\hotspot\src\share\vm\prims\jni.cpp, line 1615]
Event: 1.324 Thread 0x0000000017c4c000 Exception <a 'java/lang/NoSuchMethodError': <clinit>> (0x00000000f769b328) thrown at [C:\src\AOSP-openjdk-git\hotspot\src\share\vm\prims\jni.cpp, line 1615]
Event: 1.327 Thread 0x0000000017c4c000 Exception <a 'java/lang/NoSuchMethodError': <clinit>> (0x00000000f76c7c08) thrown at [C:\src\AOSP-openjdk-git\hotspot\src\share\vm\prims\jni.cpp, line 1615]
Event: 1.330 Thread 0x0000000017c4c000 Exception <a 'java/lang/NoSuchMethodError': <clinit>> (0x00000000f76f5148) thrown at [C:\src\AOSP-openjdk-git\hotspot\src\share\vm\prims\jni.cpp, line 1615]
Event: 1.331 Thread 0x0000000017c4c000 Exception <a 'java/lang/NoSuchMethodError': <clinit>> (0x00000000f77001d0) thrown at [C:\src\AOSP-openjdk-git\hotspot\src\share\vm\prims\jni.cpp, line 1615]
Event: 1.787 Thread 0x0000000019183800 Exception <a 'java/lang/NoSuchMethodError': java.lang.Object.lambda$and$0(Ljava/util/function/Predicate;Ljava/lang/Object;)Z> (0x00000000f6b929f0) thrown at [C:\src\AOSP-openjdk-git\hotspot\src\share\vm\interpreter\linkResolver.cpp, line 620]

Events (10 events):
Event: 1.791 loading class java/util/stream/AbstractPipeline done
Event: 1.791 loading class java/util/stream/ReferencePipeline done
Event: 1.791 loading class java/util/stream/ReferencePipeline$Head done
Event: 1.791 loading class java/util/stream/StreamOpFlag
Event: 1.792 loading class java/util/stream/StreamOpFlag done
Event: 1.792 loading class java/util/stream/StreamOpFlag$Type
Event: 1.792 loading class java/util/stream/StreamOpFlag$Type done
Event: 1.792 loading class java/util/stream/StreamOpFlag$MaskBuilder
Event: 1.792 loading class java/util/stream/StreamOpFlag$MaskBuilder done
Event: 1.792 loading class java/util/EnumMap


Dynamic libraries:
0x00007ff7eb4f0000 - 0x00007ff7eb521000 	C:\Program Files\Android\Android Studio\jre\bin\java.exe
0x00007ffc2bcd0000 - 0x00007ffc2bec5000 	C:\Windows\SYSTEM32\ntdll.dll
0x00007ffc2b2c0000 - 0x00007ffc2b37d000 	C:\Windows\System32\KERNEL32.DLL
0x00007ffc29860000 - 0x00007ffc29b29000 	C:\Windows\System32\KERNELBASE.dll
0x00007ffc2bbe0000 - 0x00007ffc2bc8c000 	C:\Windows\System32\ADVAPI32.dll
0x00007ffc2bb30000 - 0x00007ffc2bbce000 	C:\Windows\System32\msvcrt.dll
0x00007ffc29ef0000 - 0x00007ffc29f8b000 	C:\Windows\System32\sechost.dll
0x00007ffc29ff0000 - 0x00007ffc2a11a000 	C:\Windows\System32\RPCRT4.dll
0x00007ffc2b590000 - 0x00007ffc2b730000 	C:\Windows\System32\USER32.dll
0x00007ffc29440000 - 0x00007ffc29462000 	C:\Windows\System32\win32u.dll
0x00007ffc29ec0000 - 0x00007ffc29eea000 	C:\Windows\System32\GDI32.dll
0x00007ffc29b30000 - 0x00007ffc29c3b000 	C:\Windows\System32\gdi32full.dll
0x00007ffc295d0000 - 0x00007ffc2966d000 	C:\Windows\System32\msvcp_win.dll
0x00007ffc29c40000 - 0x00007ffc29d40000 	C:\Windows\System32\ucrtbase.dll
0x00007ffc12ea0000 - 0x00007ffc1313a000 	C:\Windows\WinSxS\amd64_microsoft.windows.common-controls_6595b64144ccf1df_6.0.19041.1083_none_60bbe31371f34e71\COMCTL32.dll
0x00007ffc29dc0000 - 0x00007ffc29df0000 	C:\Windows\System32\IMM32.DLL
0x000000006fd40000 - 0x000000006fe12000 	C:\Program Files\Android\Android Studio\jre\jre\bin\msvcr100.dll
0x000000006fe20000 - 0x000000007066b000 	C:\Program Files\Android\Android Studio\jre\jre\bin\server\jvm.dll
0x00007ffc2bbd0000 - 0x00007ffc2bbd8000 	C:\Windows\System32\PSAPI.DLL
0x00007ffc15600000 - 0x00007ffc15609000 	C:\Windows\SYSTEM32\WSOCK32.dll
0x00007ffc04530000 - 0x00007ffc04557000 	C:\Windows\SYSTEM32\WINMM.dll
0x00007ffc236e0000 - 0x00007ffc236ea000 	C:\Windows\SYSTEM32\VERSION.dll
0x00007ffc2b520000 - 0x00007ffc2b58b000 	C:\Windows\System32\WS2_32.dll
0x00007ffc12d50000 - 0x00007ffc12d5f000 	C:\Program Files\Android\Android Studio\jre\jre\bin\verify.dll
0x00007ffbfa450000 - 0x00007ffbfa479000 	C:\Program Files\Android\Android Studio\jre\jre\bin\java.dll
0x00007ffc08b10000 - 0x00007ffc08b26000 	C:\Program Files\Android\Android Studio\jre\jre\bin\zip.dll
0x00007ffc2a120000 - 0x00007ffc2a85f000 	C:\Windows\System32\SHELL32.dll
0x00007ffc27560000 - 0x00007ffc27cf1000 	C:\Windows\SYSTEM32\windows.storage.dll
0x00007ffc2ae90000 - 0x00007ffc2b1e5000 	C:\Windows\System32\combase.dll
0x00007ffc28da0000 - 0x00007ffc28dcc000 	C:\Windows\SYSTEM32\Wldp.dll
0x00007ffc29df0000 - 0x00007ffc29e9e000 	C:\Windows\System32\SHCORE.dll
0x00007ffc2b4b0000 - 0x00007ffc2b505000 	C:\Windows\System32\shlwapi.dll
0x00007ffc29350000 - 0x00007ffc2936f000 	C:\Windows\SYSTEM32\profapi.dll
0x00007ffc086b0000 - 0x00007ffc086ca000 	C:\Program Files\Android\Android Studio\jre\jre\bin\net.dll
0x00007ffc28b10000 - 0x00007ffc28b7a000 	C:\Windows\system32\mswsock.dll
0x00007ffc06b70000 - 0x00007ffc06b83000 	C:\Program Files\Android\Android Studio\jre\jre\bin\nio.dll
0x00007ffc0b250000 - 0x00007ffc0b276000 	C:\Users\takah\.gradle\native\31\windows-amd64\native-platform.dll
0x00007ffc12c40000 - 0x00007ffc12c4d000 	C:\Program Files\Android\Android Studio\jre\jre\bin\management.dll
0x00007ffc28cf0000 - 0x00007ffc28d08000 	C:\Windows\SYSTEM32\CRYPTSP.dll
0x00007ffc284b0000 - 0x00007ffc284e4000 	C:\Windows\system32\rsaenh.dll
0x00007ffc29410000 - 0x00007ffc29437000 	C:\Windows\System32\bcrypt.dll
0x00007ffc29310000 - 0x00007ffc2933e000 	C:\Windows\SYSTEM32\USERENV.dll
0x00007ffc29670000 - 0x00007ffc296f3000 	C:\Windows\System32\bcryptprimitives.dll
0x00007ffc28fa0000 - 0x00007ffc28fac000 	C:\Windows\SYSTEM32\CRYPTBASE.dll
0x00007ffc28800000 - 0x00007ffc2883b000 	C:\Windows\SYSTEM32\IPHLPAPI.DLL
0x00007ffc2acd0000 - 0x00007ffc2acd8000 	C:\Windows\System32\NSI.dll
0x00007ffc23140000 - 0x00007ffc23157000 	C:\Windows\SYSTEM32\dhcpcsvc6.DLL
0x00007ffc23030000 - 0x00007ffc2304d000 	C:\Windows\SYSTEM32\dhcpcsvc.DLL
0x00007ffc28840000 - 0x00007ffc2890c000 	C:\Windows\SYSTEM32\DNSAPI.dll

VM Arguments:
jvm_args: -XX:MaxMetaspaceSize=256m -XX:+HeapDumpOnOutOfMemoryError -Xms256m -Xmx512m -Dfile.encoding=windows-31j -Duser.country=JP -Duser.language=ja -Duser.variant 
java_command: org.gradle.launcher.daemon.bootstrap.GradleDaemon 6.1.1
java_class_path (initial): C:\Users\takah\.gradle\wrapper\dists\gradle-6.1.1-all\cfmwm155h49vnt3hynmlrsdst\gradle-6.1.1\lib\gradle-launcher-6.1.1.jar
Launcher Type: SUN_STANDARD

Environment Variables:
PATH=c:\Program Files\Java\jdk-16.0.1_windows\bin;C:\Program Files (x86)\Common Files\Oracle\Java\javapath;C:\Windows\system32;C:\Windows;C:\Windows\System32\Wbem;C:\Windows\System32\WindowsPowerShell\v1.0\;C:\Windows\System32\OpenSSH\;C:\Users\takah\AppData\Local\Microsoft\WindowsApps;
USERNAME=takah
OS=Windows_NT
PROCESSOR_IDENTIFIER=Intel64 Family 6 Model 94 Stepping 3, GenuineIntel



---------------  S Y S T E M  ---------------

OS: Windows 10.0 , 64 bit Build 19041 (10.0.19041.1023)

CPU:total 8 (initial active 8) (4 cores per cpu, 2 threads per core) family 6 model 94 stepping 3, cmov, cx8, fxsr, mmx, sse, sse2, sse3, ssse3, sse4.1, sse4.2, popcnt, avx, avx2, aes, clmul, erms, rtm, 3dnowpref, lzcnt, ht, tsc, tscinvbit, bmi1, bmi2, adx

Memory: 4k page, physical 8293080k(828588k free), swap 8293080k(5724k free)

vm_info: OpenJDK 64-Bit Server VM (25.242-b01) for windows-amd64 JRE (1.8.0_242-release-1644-b01), built by "builder" with MS VC++ 10.0 (VS2010)

time: Mon Jul 12 21:13:27 2021
timezone: ìåãû (ïWèÄéû)
elapsed time: 1 seconds (0d 0h 0m 1s)

